<?xml version="1.0" encoding="UTF-8"?>
<Site BuildName="Win32-mingw32-make"
	BuildStamp="20230922-1638-Experimental"
	Name="BLACKGHOST"
	Generator="ctest-3.27.6"
	CompilerName="C:/msys64/ucrt64/bin/g++.exe"
	CompilerVersion=""
	OSName="Windows"
	Hostname="BLACKGHOST"
	OSRelease=" Professional"
	OSVersion=" (Build 19045)"
	OSPlatform="AMD64"
	Is64Bits="1"
	VendorString="GenuineIntel"
	VendorID="Intel Corporation"
	FamilyID="6"
	ModelID="12"
	ProcessorCacheSize="-1"
	NumberOfLogicalCPU="4"
	NumberOfPhysicalCPU="4"
	TotalVirtualMemory="18681"
	TotalPhysicalMemory="16249"
	LogicalProcessorsPerPhysical="1"
	ProcessorClockFrequency="3500"
	>
	<Testing>
		<StartDateTime>Sep 22 19:38 RTZ 2 ([NON-UTF-8-BYTE-0xE7][NON-UTF-8-BYTE-0xE8][NON-UTF-8-BYTE-0xEC][NON-UTF-8-BYTE-0xE0])</StartDateTime>
		<StartTestTime>1695400713</StartTestTime>
		<TestList/>
		<EndDateTime>Sep 22 19:38 RTZ 2 ([NON-UTF-8-BYTE-0xE7][NON-UTF-8-BYTE-0xE8][NON-UTF-8-BYTE-0xEC][NON-UTF-8-BYTE-0xE0])</EndDateTime>
		<EndTestTime>1695400713</EndTestTime>
		<ElapsedMinutes>0</ElapsedMinutes>
	</Testing>
</Site>
